Salida f(x,y,z)=sin(x) + cos(y) + z .  Topologia 3-5-1

Backpropagation - 2003.
Matriz de pesos sinapticos:
Layer: 0 M (4,5)
[0.953109;0.198683;1.897238;-0.039232;1.475867]
[1.685656;-0.986856;0.530181;-0.259894;1.039786]
[-0.773643;-1.060037;-0.550259;0.494051;-0.358049]
[0.290442;-0.131316;-1.500190;-0.238864;0.058529]
Layer: 1 M (5,1)
[1.341123]
[0.748558]
[0.267445]
[2.057025]
[1.750494]
[ -1.000000;  0.680375; -0.211234;  0.566198]-0.3550898731>[ -0.357003]
[ -1.000000;  0.680375; -0.211234; -0.604897]-0.7454550862>[ -0.783911]
[ -1.000000;  0.680375; -0.211234; -0.444451]-0.6919728518>[ -0.738915]
[ -1.000000;  0.680375; -0.211234;  0.257742]-0.4579087496>[ -0.477194]
[ -1.000000;  0.680375; -0.211234;  0.904459]-0.2423361987>[ -0.249065]
[ -1.000000;  0.680375;  0.823295;  0.566198]0.1907773018>[  0.185796]
[ -1.000000;  0.680375;  0.823295; -0.604897]-0.1995879412>[ -0.207953]
[ -1.000000;  0.680375;  0.823295; -0.444451]-0.1461057067>[ -0.139118]
[ -1.000000;  0.680375;  0.823295;  0.257742]0.0879584104>[  0.098165]
[ -1.000000;  0.680375;  0.823295;  0.904459]0.3035309613>[  0.295174]
[ -1.000000;  0.680375;  0.536459;  0.566198]-0.0544023216>[ -0.046873]
[ -1.000000;  0.680375;  0.536459; -0.604897]-0.4447675645>[ -0.455686]
[ -1.000000;  0.680375;  0.536459; -0.444451]-0.3912853301>[ -0.393259]
[ -1.000000;  0.680375;  0.536459;  0.257742]-0.1572212130>[ -0.142575]
[ -1.000000;  0.680375;  0.536459;  0.904459]0.0583513491>[  0.066364]
[ -1.000000;  0.680375; -0.045206;  0.566198]-0.4224763811>[ -0.419600]
[ -1.000000;  0.680375; -0.045206; -0.604897]-0.8128416538>[ -0.797544]
[ -1.000000;  0.680375; -0.045206; -0.444451]-0.7593594193>[ -0.757901]
[ -1.000000;  0.680375; -0.045206;  0.257742]-0.5252952576>[ -0.528462]
[ -1.000000;  0.680375; -0.045206;  0.904459]-0.3097227216>[ -0.313352]
[ -1.000000;  0.680375;  0.026802;  0.566198]-0.4246513546>[ -0.425751]
[ -1.000000;  0.680375;  0.026802; -0.604897]-0.8150166273>[ -0.791929]
[ -1.000000;  0.680375;  0.026802; -0.444451]-0.7615343928>[ -0.752816]
[ -1.000000;  0.680375;  0.026802;  0.257742]-0.5274702311>[ -0.530795]
[ -1.000000;  0.680375;  0.026802;  0.904459]-0.3118976951>[ -0.319888]
[ -1.000000;  0.596880; -0.211234;  0.566198]-0.3918713033>[ -0.380226]
[ -1.000000;  0.596880; -0.211234; -0.604897]-0.7822365165>[ -0.791613]
[ -1.000000;  0.596880; -0.211234; -0.444451]-0.7287542820>[ -0.749216]
[ -1.000000;  0.596880; -0.211234;  0.257742]-0.4946901798>[ -0.499853]
[ -1.000000;  0.596880; -0.211234;  0.904459]-0.2791176140>[ -0.264275]
[ -1.000000;  0.596880;  0.823295;  0.566198]0.1539958715>[  0.143508]
[ -1.000000;  0.596880;  0.823295; -0.604897]-0.2363693714>[ -0.237080]
[ -1.000000;  0.596880;  0.823295; -0.444451]-0.1828871369>[ -0.171037]
[ -1.000000;  0.596880;  0.823295;  0.257742]0.0511769913>[  0.055734]
[ -1.000000;  0.596880;  0.823295;  0.904459]0.2667495608>[  0.255804]
[ -1.000000;  0.596880;  0.536459;  0.566198]-0.0911837369>[ -0.105318]
[ -1.000000;  0.596880;  0.536459; -0.604897]-0.4815489948>[ -0.480576]
[ -1.000000;  0.596880;  0.536459; -0.444451]-0.4280667603>[ -0.422074]
[ -1.000000;  0.596880;  0.536459;  0.257742]-0.1940026283>[ -0.193971]
[ -1.000000;  0.596880;  0.536459;  0.904459]0.0215699300>[  0.006418]
[ -1.000000;  0.596880; -0.045206;  0.566198]-0.4592578113>[ -0.454685]
[ -1.000000;  0.596880; -0.045206; -0.604897]-0.8496230245>[ -0.805563]
[ -1.000000;  0.596880; -0.045206; -0.444451]-0.7961407900>[ -0.768731]
[ -1.000000;  0.596880; -0.045206;  0.257742]-0.5620766878>[ -0.557633]
[ -1.000000;  0.596880; -0.045206;  0.904459]-0.3465041220>[ -0.345927]
[ -1.000000;  0.596880;  0.026802;  0.566198]-0.4614327848>[ -0.465118]
[ -1.000000;  0.596880;  0.026802; -0.604897]-0.8517979980>[ -0.800603]
[ -1.000000;  0.596880;  0.026802; -0.444451]-0.7983157635>[ -0.764413]
[ -1.000000;  0.596880;  0.026802;  0.257742]-0.5642516613>[ -0.562584]
[ -1.000000;  0.596880;  0.026802;  0.904459]-0.3486790955>[ -0.358797]
[ -1.000000; -0.329554; -0.211234;  0.566198]0.2128181309>[  0.202582]
[ -1.000000; -0.329554; -0.211234; -0.604897]-0.1775471121>[ -0.181841]
[ -1.000000; -0.329554; -0.211234; -0.444451]-0.1240648776>[ -0.114306]
[ -1.000000; -0.329554; -0.211234;  0.257742]0.1099992394>[  0.113086]
[ -1.000000; -0.329554; -0.211234;  0.904459]0.3255718052>[  0.311080]
[ -1.000000; -0.329554;  0.823295;  0.566198]0.7586852908>[  0.737154]
[ -1.000000; -0.329554;  0.823295; -0.604897]0.3683200479>[  0.385634]
[ -1.000000; -0.329554;  0.823295; -0.444451]0.4218022823>[  0.435209]
[ -1.000000; -0.329554;  0.823295;  0.257742]0.6558663845>[  0.653281]
[ -1.000000; -0.329554;  0.823295;  0.904459]0.8714389801>[  0.810615]
[ -1.000000; -0.329554;  0.536459;  0.566198]0.5135056973>[  0.524972]
[ -1.000000; -0.329554;  0.536459; -0.604897]0.1231404394>[  0.120803]
[ -1.000000; -0.329554;  0.536459; -0.444451]0.1766226739>[  0.175738]
[ -1.000000; -0.329554;  0.536459;  0.257742]0.4106867909>[  0.417161]
[ -1.000000; -0.329554;  0.536459;  0.904459]0.6262593269>[  0.631629]
[ -1.000000; -0.329554; -0.045206;  0.566198]0.1454316080>[  0.142264]
[ -1.000000; -0.329554; -0.045206; -0.604897]-0.2449336350>[ -0.247914]
[ -1.000000; -0.329554; -0.045206; -0.444451]-0.1914514005>[ -0.185248]
[ -1.000000; -0.329554; -0.045206;  0.257742]0.0426127277>[  0.042075]
[ -1.000000; -0.329554; -0.045206;  0.904459]0.2581852973>[  0.263036]
[ -1.000000; -0.329554;  0.026802;  0.566198]0.1432566345>[  0.137103]
[ -1.000000; -0.329554;  0.026802; -0.604897]-0.2471086085>[ -0.256872]
[ -1.000000; -0.329554;  0.026802; -0.444451]-0.1936263740>[ -0.195977]
[ -1.000000; -0.329554;  0.026802;  0.257742]0.0404377542>[  0.032490]
[ -1.000000; -0.329554;  0.026802;  0.904459]0.2560103238>[  0.262108]
[ -1.000000;  0.107940; -0.211234;  0.566198]-0.1847386360>[ -0.172670]
[ -1.000000;  0.107940; -0.211234; -0.604897]-0.5751038790>[ -0.586497]
[ -1.000000;  0.107940; -0.211234; -0.444451]-0.5216216445>[ -0.527310]
[ -1.000000;  0.107940; -0.211234;  0.257742]-0.2875575125>[ -0.274740]
[ -1.000000;  0.107940; -0.211234;  0.904459]-0.0719849616>[ -0.048448]
[ -1.000000;  0.107940;  0.823295;  0.566198]0.3611285388>[  0.382523]
[ -1.000000;  0.107940;  0.823295; -0.604897]-0.0292367116>[ -0.047734]
[ -1.000000;  0.107940;  0.823295; -0.444451]0.0242455229>[  0.015848]
[ -1.000000;  0.107940;  0.823295;  0.257742]0.2583096325>[  0.267887]
[ -1.000000;  0.107940;  0.823295;  0.904459]0.4738821983>[  0.506382]
[ -1.000000;  0.107940;  0.536459;  0.566198]0.1159489155>[  0.103306]
[ -1.000000;  0.107940;  0.536459; -0.604897]-0.2744163275>[ -0.289113]
[ -1.000000;  0.107940;  0.536459; -0.444451]-0.2209340930>[ -0.227924]
[ -1.000000;  0.107940;  0.536459;  0.257742]0.0131300297>[ -0.000412]
[ -1.000000;  0.107940;  0.536459;  0.904459]0.2287025899>[  0.231012]
[ -1.000000;  0.107940; -0.045206;  0.566198]-0.2521251440>[ -0.269764]
[ -1.000000;  0.107940; -0.045206; -0.604897]-0.6424903870>[ -0.625562]
[ -1.000000;  0.107940; -0.045206; -0.444451]-0.5890081525>[ -0.573620]
[ -1.000000;  0.107940; -0.045206;  0.257742]-0.3549440503>[ -0.358957]
[ -1.000000;  0.107940; -0.045206;  0.904459]-0.1393714845>[ -0.153535]
[ -1.000000;  0.107940;  0.026802;  0.566198]-0.2543001175>[ -0.285931]
[ -1.000000;  0.107940;  0.026802; -0.604897]-0.6446653605>[ -0.626888]
[ -1.000000;  0.107940;  0.026802; -0.444451]-0.5911831260>[ -0.576518]
[ -1.000000;  0.107940;  0.026802;  0.257742]-0.3571189940>[ -0.371968]
[ -1.000000;  0.107940;  0.026802;  0.904459]-0.1415464580>[ -0.171611]
[ -1.000000; -0.270431; -0.211234;  0.566198]0.1764772236>[  0.172201]
[ -1.000000; -0.270431; -0.211234; -0.604897]-0.2138880193>[ -0.218628]
[ -1.000000; -0.270431; -0.211234; -0.444451]-0.1604057848>[ -0.149587]
[ -1.000000; -0.270431; -0.211234;  0.257742]0.0736583322>[  0.083198]
[ -1.000000; -0.270431; -0.211234;  0.904459]0.2892308831>[  0.281062]
[ -1.000000; -0.270431;  0.823295;  0.566198]0.7223443985>[  0.710155]
[ -1.000000; -0.270431;  0.823295; -0.604897]0.3319791555>[  0.342817]
[ -1.000000; -0.270431;  0.823295; -0.444451]0.3854613900>[  0.394838]
[ -1.000000; -0.270431;  0.823295;  0.257742]0.6195254922>[  0.621236]
[ -1.000000; -0.270431;  0.823295;  0.904459]0.8350980282>[  0.789397]
[ -1.000000; -0.270431;  0.536459;  0.566198]0.4771647751>[  0.491049]
[ -1.000000; -0.270431;  0.536459; -0.604897]0.0867995247>[  0.082953]
[ -1.000000; -0.270431;  0.536459; -0.444451]0.1402817667>[  0.139748]
[ -1.000000; -0.270431;  0.536459;  0.257742]0.3743458986>[  0.381949]
[ -1.000000; -0.270431;  0.536459;  0.904459]0.5899184346>[  0.601361]
[ -1.000000; -0.270431; -0.045206;  0.566198]0.1090907082>[  0.106376]
[ -1.000000; -0.270431; -0.045206; -0.604897]-0.2812745273>[ -0.283591]
[ -1.000000; -0.270431; -0.045206; -0.444451]-0.2277923077>[ -0.219824]
[ -1.000000; -0.270431; -0.045206;  0.257742]0.0062718191>[  0.008482]
[ -1.000000; -0.270431; -0.045206;  0.904459]0.2218443751>[  0.226386]
[ -1.000000; -0.270431;  0.026802;  0.566198]0.1069157347>[  0.099609]
[ -1.000000; -0.270431;  0.026802; -0.604897]-0.2834495008>[ -0.292077]
[ -1.000000; -0.270431;  0.026802; -0.444451]-0.2299672812>[ -0.230155]
[ -1.000000; -0.270431;  0.026802;  0.257742]0.0040968461>[ -0.002212]
[ -1.000000; -0.270431;  0.026802;  0.904459]0.2196694016>[  0.223624]
