Salida XOR. Topologia 4-4-1

Backpropagation - 2003.
Matriz de pesos sinapticos:
Layer: 0 M (5,4)
[-0.872598;1.222942;1.243368;1.155465]
[1.237427;-0.742926;0.876554;0.995801]
[-1.360934;-1.364244;-0.919572;1.253859]
[1.295646;1.194317;1.283776;-0.618980]
[-1.145518;-1.157491;1.128444;0.428504]
Layer: 1 M (4,1)
[-2.358500]
[-3.607246]
[-1.720088]
[-3.790991]
[ -1.000000; -1.000000; -1.000000; -1.000000; -1.000000]>[ -0.988425]
[ -1.000000; -1.000000; -1.000000; -1.000000;  1.000000]>[  0.994368]
[ -1.000000; -1.000000; -1.000000;  1.000000; -1.000000]>[  0.994504]
[ -1.000000; -1.000000; -1.000000;  1.000000;  1.000000]>[ -0.994405]
[ -1.000000; -1.000000;  1.000000; -1.000000; -1.000000]>[  0.993957]
[ -1.000000; -1.000000;  1.000000; -1.000000;  1.000000]>[ -0.999948]
[ -1.000000; -1.000000;  1.000000;  1.000000; -1.000000]>[ -1.000000]
[ -1.000000; -1.000000;  1.000000;  1.000000;  1.000000]>[ -0.999649]
[ -1.000000;  1.000000; -1.000000; -1.000000; -1.000000]>[  0.993977]
[ -1.000000;  1.000000; -1.000000; -1.000000;  1.000000]>[ -0.999848]
[ -1.000000;  1.000000; -1.000000;  1.000000; -1.000000]>[ -1.000000]
[ -1.000000;  1.000000; -1.000000;  1.000000;  1.000000]>[ -0.999604]
[ -1.000000;  1.000000;  1.000000; -1.000000; -1.000000]>[ -0.993612]
[ -1.000000;  1.000000;  1.000000; -1.000000;  1.000000]>[ -0.999201]
[ -1.000000;  1.000000;  1.000000;  1.000000; -1.000000]>[ -0.999858]
[ -1.000000;  1.000000;  1.000000;  1.000000;  1.000000]>[ -0.996712]
